[debug] [2024-12-20T23:29:54.273Z] ----------------------------------------------------------------------
[debug] [2024-12-20T23:29:54.275Z] Command:       C:\Program Files\nodejs\node.exe C:\Users\Andrei\AppData\Roaming\npm\node_modules\firebase-tools\lib\bin\firebase.js deploy --only functions
[debug] [2024-12-20T23:29:54.275Z] CLI Version:   13.18.0
[debug] [2024-12-20T23:29:54.275Z] Platform:      win32
[debug] [2024-12-20T23:29:54.276Z] Node Version:  v20.10.0
[debug] [2024-12-20T23:29:54.276Z] Time:          Fri Dec 20 2024 18:29:54 GMT-0500 (Eastern Standard Time)
[debug] [2024-12-20T23:29:54.276Z] ----------------------------------------------------------------------
[debug] 
[debug] [2024-12-20T23:29:54.328Z] > command requires scopes: ["email","openid","https://www.googleapis.com/auth/cloudplatformprojects.readonly","https://www.googleapis.com/auth/firebase","https://www.googleapis.com/auth/cloud-platform"]
[debug] [2024-12-20T23:29:54.328Z] > authorizing via signed-in user (amborn02@gmail.com)
[debug] [2024-12-20T23:29:54.328Z] [iam] checking project aquarium-jellyfish-ratings for permissions ["cloudfunctions.functions.create","cloudfunctions.functions.delete","cloudfunctions.functions.get","cloudfunctions.functions.list","cloudfunctions.functions.update","cloudfunctions.operations.get","firebase.projects.get"]
[debug] [2024-12-20T23:29:54.330Z] >>> [apiv2][query] POST https://cloudresourcemanager.googleapis.com/v1/projects/aquarium-jellyfish-ratings:testIamPermissions [none]
[debug] [2024-12-20T23:29:54.330Z] >>> [apiv2][(partial)header] POST https://cloudresourcemanager.googleapis.com/v1/projects/aquarium-jellyfish-ratings:testIamPermissions x-goog-quota-user=projects/aquarium-jellyfish-ratings
[debug] [2024-12-20T23:29:54.330Z] >>> [apiv2][body] POST https://cloudresourcemanager.googleapis.com/v1/projects/aquarium-jellyfish-ratings:testIamPermissions {"permissions":["cloudfunctions.functions.create","cloudfunctions.functions.delete","cloudfunctions.functions.get","cloudfunctions.functions.list","cloudfunctions.functions.update","cloudfunctions.operations.get","firebase.projects.get"]}
[debug] [2024-12-20T23:29:54.597Z] <<< [apiv2][status] POST https://cloudresourcemanager.googleapis.com/v1/projects/aquarium-jellyfish-ratings:testIamPermissions 200
[debug] [2024-12-20T23:29:54.597Z] <<< [apiv2][body] POST https://cloudresourcemanager.googleapis.com/v1/projects/aquarium-jellyfish-ratings:testIamPermissions {"permissions":["cloudfunctions.functions.create","cloudfunctions.functions.delete","cloudfunctions.functions.get","cloudfunctions.functions.list","cloudfunctions.functions.update","cloudfunctions.operations.get","firebase.projects.get"]}
[debug] [2024-12-20T23:29:54.598Z] >>> [apiv2][query] POST https://iam.googleapis.com/v1/projects/aquarium-jellyfish-ratings/serviceAccounts/aquarium-jellyfish-ratings@appspot.gserviceaccount.com:testIamPermissions [none]
[debug] [2024-12-20T23:29:54.598Z] >>> [apiv2][body] POST https://iam.googleapis.com/v1/projects/aquarium-jellyfish-ratings/serviceAccounts/aquarium-jellyfish-ratings@appspot.gserviceaccount.com:testIamPermissions {"permissions":["iam.serviceAccounts.actAs"]}
[debug] [2024-12-20T23:29:54.840Z] <<< [apiv2][status] POST https://iam.googleapis.com/v1/projects/aquarium-jellyfish-ratings/serviceAccounts/aquarium-jellyfish-ratings@appspot.gserviceaccount.com:testIamPermissions 200
[debug] [2024-12-20T23:29:54.840Z] <<< [apiv2][body] POST https://iam.googleapis.com/v1/projects/aquarium-jellyfish-ratings/serviceAccounts/aquarium-jellyfish-ratings@appspot.gserviceaccount.com:testIamPermissions {"permissions":["iam.serviceAccounts.actAs"]}
[info] 
[info] === Deploying to 'aquarium-jellyfish-ratings'...
[info] 
[info] i  deploying functions 
[debug] [2024-12-20T23:29:54.844Z] >>> [apiv2][query] GET https://firebase.googleapis.com/v1beta1/projects/aquarium-jellyfish-ratings [none]
[debug] [2024-12-20T23:29:55.056Z] <<< [apiv2][status] GET https://firebase.googleapis.com/v1beta1/projects/aquarium-jellyfish-ratings 200
[debug] [2024-12-20T23:29:55.056Z] <<< [apiv2][body] GET https://firebase.googleapis.com/v1beta1/projects/aquarium-jellyfish-ratings {"projectId":"aquarium-jellyfish-ratings","projectNumber":"89347372321","displayName":"Aquarium Jellyfish Ratings","name":"projects/aquarium-jellyfish-ratings","resources":{"hostingSite":"aquarium-jellyfish-ratings","locationId":"us-east1"},"state":"ACTIVE","etag":"1_50bbe124-b0ce-48bf-a4eb-723ee7b12f09"}
[info] i  functions: preparing codebase api for deployment 
[info] i  functions: ensuring required API cloudfunctions.googleapis.com is enabled... 
[info] i  functions: ensuring required API cloudbuild.googleapis.com is enabled... 
[info] i  artifactregistry: ensuring required API artifactregistry.googleapis.com is enabled... 
[debug] [2024-12-20T23:29:55.059Z] >>> [apiv2][query] GET https://serviceusage.googleapis.com/v1/projects/aquarium-jellyfish-ratings/services/cloudfunctions.googleapis.com [none]
[debug] [2024-12-20T23:29:55.059Z] >>> [apiv2][(partial)header] GET https://serviceusage.googleapis.com/v1/projects/aquarium-jellyfish-ratings/services/cloudfunctions.googleapis.com x-goog-quota-user=projects/aquarium-jellyfish-ratings
[debug] [2024-12-20T23:29:55.060Z] >>> [apiv2][query] GET https://serviceusage.googleapis.com/v1/projects/aquarium-jellyfish-ratings/services/runtimeconfig.googleapis.com [none]
[debug] [2024-12-20T23:29:55.060Z] >>> [apiv2][(partial)header] GET https://serviceusage.googleapis.com/v1/projects/aquarium-jellyfish-ratings/services/runtimeconfig.googleapis.com x-goog-quota-user=projects/aquarium-jellyfish-ratings
[debug] [2024-12-20T23:29:55.061Z] >>> [apiv2][query] GET https://serviceusage.googleapis.com/v1/projects/aquarium-jellyfish-ratings/services/cloudbuild.googleapis.com [none]
[debug] [2024-12-20T23:29:55.061Z] >>> [apiv2][(partial)header] GET https://serviceusage.googleapis.com/v1/projects/aquarium-jellyfish-ratings/services/cloudbuild.googleapis.com x-goog-quota-user=projects/aquarium-jellyfish-ratings
[debug] [2024-12-20T23:29:55.061Z] >>> [apiv2][query] GET https://serviceusage.googleapis.com/v1/projects/aquarium-jellyfish-ratings/services/artifactregistry.googleapis.com [none]
[debug] [2024-12-20T23:29:55.061Z] >>> [apiv2][(partial)header] GET https://serviceusage.googleapis.com/v1/projects/aquarium-jellyfish-ratings/services/artifactregistry.googleapis.com x-goog-quota-user=projects/aquarium-jellyfish-ratings
[debug] [2024-12-20T23:29:55.336Z] <<< [apiv2][status] GET https://serviceusage.googleapis.com/v1/projects/aquarium-jellyfish-ratings/services/cloudbuild.googleapis.com 200
[debug] [2024-12-20T23:29:55.336Z] <<< [apiv2][body] GET https://serviceusage.googleapis.com/v1/projects/aquarium-jellyfish-ratings/services/cloudbuild.googleapis.com [omitted]
[info] +  functions: required API cloudbuild.googleapis.com is enabled 
[debug] [2024-12-20T23:29:55.394Z] <<< [apiv2][status] GET https://serviceusage.googleapis.com/v1/projects/aquarium-jellyfish-ratings/services/runtimeconfig.googleapis.com 200
[debug] [2024-12-20T23:29:55.394Z] <<< [apiv2][body] GET https://serviceusage.googleapis.com/v1/projects/aquarium-jellyfish-ratings/services/runtimeconfig.googleapis.com [omitted]
[debug] [2024-12-20T23:29:55.395Z] <<< [apiv2][status] GET https://serviceusage.googleapis.com/v1/projects/aquarium-jellyfish-ratings/services/artifactregistry.googleapis.com 200
[debug] [2024-12-20T23:29:55.395Z] <<< [apiv2][body] GET https://serviceusage.googleapis.com/v1/projects/aquarium-jellyfish-ratings/services/artifactregistry.googleapis.com [omitted]
[info] +  artifactregistry: required API artifactregistry.googleapis.com is enabled 
[debug] [2024-12-20T23:29:55.403Z] <<< [apiv2][status] GET https://serviceusage.googleapis.com/v1/projects/aquarium-jellyfish-ratings/services/cloudfunctions.googleapis.com 200
[debug] [2024-12-20T23:29:55.403Z] <<< [apiv2][body] GET https://serviceusage.googleapis.com/v1/projects/aquarium-jellyfish-ratings/services/cloudfunctions.googleapis.com [omitted]
[info] +  functions: required API cloudfunctions.googleapis.com is enabled 
[debug] [2024-12-20T23:29:55.404Z] >>> [apiv2][query] GET https://firebase.googleapis.com/v1beta1/projects/aquarium-jellyfish-ratings/adminSdkConfig [none]
[debug] [2024-12-20T23:29:55.525Z] <<< [apiv2][status] GET https://firebase.googleapis.com/v1beta1/projects/aquarium-jellyfish-ratings/adminSdkConfig 200
[debug] [2024-12-20T23:29:55.525Z] <<< [apiv2][body] GET https://firebase.googleapis.com/v1beta1/projects/aquarium-jellyfish-ratings/adminSdkConfig {"projectId":"aquarium-jellyfish-ratings","storageBucket":"aquarium-jellyfish-ratings.firebasestorage.app","locationId":"us-east1"}
[debug] [2024-12-20T23:29:55.525Z] >>> [apiv2][query] GET https://runtimeconfig.googleapis.com/v1beta1/projects/aquarium-jellyfish-ratings/configs [none]
[debug] [2024-12-20T23:29:55.763Z] <<< [apiv2][status] GET https://runtimeconfig.googleapis.com/v1beta1/projects/aquarium-jellyfish-ratings/configs 200
[debug] [2024-12-20T23:29:55.764Z] <<< [apiv2][body] GET https://runtimeconfig.googleapis.com/v1beta1/projects/aquarium-jellyfish-ratings/configs {}
[debug] [2024-12-20T23:29:55.765Z] Validating nodejs source
[warn] !  functions: package.json indicates an outdated version of firebase-functions. Please upgrade using npm install --save firebase-functions@latest in your functions directory. 
[debug] [2024-12-20T23:29:56.810Z] > [functions] package.json contents: {
  "name": "functions",
  "description": "Cloud Functions for Firebase",
  "scripts": {
    "serve": "firebase emulators:start --only functions",
    "shell": "firebase functions:shell",
    "start": "npm run shell",
    "deploy": "firebase deploy --only functions",
    "logs": "firebase functions:log"
  },
  "engines": {
    "node": "20"
  },
  "main": "index.js",
  "dependencies": {
    "cors": "^2.8.5",
    "firebase-admin": "^12.1.0",
    "firebase-functions": "^6.0.1",
    "jsonwebtoken": "^9.0.2",
    "mongodb": "^6.9.0",
    "multer": "^1.4.5-lts.1"
  },
  "devDependencies": {
    "@types/multer": "^1.4.12",
    "firebase-functions-test": "^3.1.0"
  },
  "private": true,
  "type": "module"
}
[debug] [2024-12-20T23:29:56.811Z] Building nodejs source
[info] i  functions: Loading and analyzing source code for codebase api to determine what to deploy 
[debug] [2024-12-20T23:29:56.812Z] Could not find functions.yaml. Must use http discovery
[debug] [2024-12-20T23:29:56.821Z] Found firebase-functions binary at 'C:\Users\Andrei\JellyfishMap\server\functions\node_modules\.bin\firebase-functions'
[info] Serving at port 8678

[info] Pinged your deployment. You successfully connected to MongoDB!

[debug] [2024-12-20T23:29:59.577Z] Got response from /__/functions.yaml {"endpoints":{"default":{"availableMemoryMb":null,"timeoutSeconds":null,"minInstances":null,"maxInstances":null,"ingressSettings":null,"concurrency":null,"serviceAccountEmail":null,"vpc":null,"platform":"gcfv2","labels":{},"httpsTrigger":{},"entryPoint":"default"}},"specVersion":"v1alpha1","requiredAPIs":[],"extensions":{}}
